<?xml version="1.0" encoding="UTF-8"?>
<testng-results ignored="0" total="3" passed="3" failed="0" skipped="0">
  <reporter-output>
  </reporter-output>
  <suite started-at="2023-02-14T11:19:24 IST" name="Default suite" finished-at="2023-02-14T11:19:24 IST" duration-ms="75">
    <groups>
    </groups>
    <test started-at="2023-02-14T11:19:24 IST" name="Default test" finished-at="2023-02-14T11:19:24 IST" duration-ms="75">
      <class name="com.jbk.Testng.DemoTestNG">
        <test-method is-config="true" signature="beforeSuite()[pri:0, instance:com.jbk.Testng.DemoTestNG@247d8ae]" started-at="2023-02-14T11:19:24 IST" name="beforeSuite" finished-at="2023-02-14T11:19:24 IST" duration-ms="13" status="PASS">
          <reporter-output>
          </reporter-output>
        </test-method> <!-- beforeSuite -->
        <test-method is-config="true" signature="beforeTest()[pri:0, instance:com.jbk.Testng.DemoTestNG@247d8ae]" started-at="2023-02-14T11:19:24 IST" name="beforeTest" finished-at="2023-02-14T11:19:24 IST" duration-ms="1" status="PASS">
          <reporter-output>
          </reporter-output>
        </test-method> <!-- beforeTest -->
        <test-method is-config="true" signature="beforeClass()[pri:0, instance:com.jbk.Testng.DemoTestNG@247d8ae]" started-at="2023-02-14T11:19:24 IST" name="beforeClass" finished-at="2023-02-14T11:19:24 IST" duration-ms="0" status="PASS">
          <reporter-output>
          </reporter-output>
        </test-method> <!-- beforeClass -->
        <test-method is-config="true" signature="beforeMethod()[pri:0, instance:com.jbk.Testng.DemoTestNG@247d8ae]" started-at="2023-02-14T11:19:24 IST" name="beforeMethod" finished-at="2023-02-14T11:19:24 IST" duration-ms="1" status="PASS">
          <reporter-output>
          </reporter-output>
        </test-method> <!-- beforeMethod -->
        <test-method signature="aLogittest()[pri:1, instance:com.jbk.Testng.DemoTestNG@247d8ae]" started-at="2023-02-14T11:19:24 IST" name="aLogittest" finished-at="2023-02-14T11:19:24 IST" duration-ms="13" status="PASS">
          <reporter-output>
          </reporter-output>
        </test-method> <!-- aLogittest -->
        <test-method is-config="true" signature="afterMethod()[pri:0, instance:com.jbk.Testng.DemoTestNG@247d8ae]" started-at="2023-02-14T11:19:24 IST" name="afterMethod" finished-at="2023-02-14T11:19:24 IST" duration-ms="1" status="PASS">
          <reporter-output>
          </reporter-output>
        </test-method> <!-- afterMethod -->
        <test-method is-config="true" signature="beforeMethod()[pri:0, instance:com.jbk.Testng.DemoTestNG@247d8ae]" started-at="2023-02-14T11:19:24 IST" name="beforeMethod" finished-at="2023-02-14T11:19:24 IST" duration-ms="1" status="PASS">
          <reporter-output>
          </reporter-output>
        </test-method> <!-- beforeMethod -->
        <test-method signature="sLogittest()[pri:2, instance:com.jbk.Testng.DemoTestNG@247d8ae]" started-at="2023-02-14T11:19:24 IST" name="sLogittest" finished-at="2023-02-14T11:19:24 IST" duration-ms="2" status="PASS">
          <reporter-output>
          </reporter-output>
        </test-method> <!-- sLogittest -->
        <test-method is-config="true" signature="afterMethod()[pri:0, instance:com.jbk.Testng.DemoTestNG@247d8ae]" started-at="2023-02-14T11:19:24 IST" name="afterMethod" finished-at="2023-02-14T11:19:24 IST" duration-ms="1" status="PASS">
          <reporter-output>
          </reporter-output>
        </test-method> <!-- afterMethod -->
        <test-method is-config="true" signature="beforeMethod()[pri:0, instance:com.jbk.Testng.DemoTestNG@247d8ae]" started-at="2023-02-14T11:19:24 IST" name="beforeMethod" finished-at="2023-02-14T11:19:24 IST" duration-ms="0" status="PASS">
          <reporter-output>
          </reporter-output>
        </test-method> <!-- beforeMethod -->
        <test-method signature="mLogittest()[pri:3, instance:com.jbk.Testng.DemoTestNG@247d8ae]" started-at="2023-02-14T11:19:24 IST" name="mLogittest" finished-at="2023-02-14T11:19:24 IST" duration-ms="1" status="PASS">
          <reporter-output>
          </reporter-output>
        </test-method> <!-- mLogittest -->
        <test-method is-config="true" signature="afterMethod()[pri:0, instance:com.jbk.Testng.DemoTestNG@247d8ae]" started-at="2023-02-14T11:19:24 IST" name="afterMethod" finished-at="2023-02-14T11:19:24 IST" duration-ms="0" status="PASS">
          <reporter-output>
          </reporter-output>
        </test-method> <!-- afterMethod -->
        <test-method is-config="true" signature="afterClass()[pri:0, instance:com.jbk.Testng.DemoTestNG@247d8ae]" started-at="2023-02-14T11:19:24 IST" name="afterClass" finished-at="2023-02-14T11:19:24 IST" duration-ms="0" status="PASS">
          <reporter-output>
          </reporter-output>
        </test-method> <!-- afterClass -->
        <test-method is-config="true" signature="afterTest()[pri:0, instance:com.jbk.Testng.DemoTestNG@247d8ae]" started-at="2023-02-14T11:19:24 IST" name="afterTest" finished-at="2023-02-14T11:19:24 IST" duration-ms="1" status="PASS">
          <reporter-output>
          </reporter-output>
        </test-method> <!-- afterTest -->
      </class> <!-- com.jbk.Testng.DemoTestNG -->
    </test> <!-- Default test -->
  </suite> <!-- Default suite -->
</testng-results>
