<?xml version="1.0" encoding="UTF-8"?>
<!-- Generated by org.testng.reporters.JUnitXMLReporter -->
<testsuite ignored="0" hostname="DESKTOP-52RK4PS" failures="0" tests="3" name="Default test" time="0.075" errors="0" timestamp="2023-02-14T11:19:25 IST">
  <testcase classname="com.jbk.Testng.DemoTestNG" name="aLogittest" time="0.013"/>
  <testcase classname="com.jbk.Testng.DemoTestNG" name="sLogittest" time="0.002"/>
  <testcase classname="com.jbk.Testng.DemoTestNG" name="mLogittest" time="0.001"/>
</testsuite> <!-- Default test -->
