<?xml version="1.0" encoding="UTF-8"?>
<testng-results ignored="0" total="2" passed="2" failed="0" skipped="0">
  <reporter-output>
  </reporter-output>
  <suite started-at="2023-02-14T15:46:13 IST" name="Default suite" finished-at="2023-02-14T15:46:29 IST" duration-ms="15190">
    <groups>
    </groups>
    <test started-at="2023-02-14T15:46:13 IST" name="Default test" finished-at="2023-02-14T15:46:29 IST" duration-ms="15190">
      <class name="com.jbk.framework.DemoTest">
        <test-method is-config="true" signature="configueSetting()[pri:0, instance:com.jbk.framework.DemoTest@1613674b]" started-at="2023-02-14T15:46:13 IST" name="configueSetting" finished-at="2023-02-14T15:46:28 IST" duration-ms="14682" status="PASS">
          <reporter-output>
          </reporter-output>
        </test-method> <!-- configueSetting -->
        <test-method signature="emailId()[pri:1, instance:com.jbk.framework.DemoTest@1613674b]" started-at="2023-02-14T15:46:28 IST" name="emailId" finished-at="2023-02-14T15:46:28 IST" duration-ms="271" status="PASS">
          <reporter-output>
          </reporter-output>
        </test-method> <!-- emailId -->
        <test-method signature="password()[pri:2, instance:com.jbk.framework.DemoTest@1613674b]" started-at="2023-02-14T15:46:28 IST" name="password" finished-at="2023-02-14T15:46:29 IST" duration-ms="187" status="PASS">
          <reporter-output>
          </reporter-output>
        </test-method> <!-- password -->
      </class> <!-- com.jbk.framework.DemoTest -->
    </test> <!-- Default test -->
  </suite> <!-- Default suite -->
</testng-results>
